Build started 23/11/2012 3:30:10 PM.
     1>Project "C:\Users\zengrz\Documents\Visual Studio 2010\Projects\A1\A1\A1.vcxproj" on node 2 (build target(s)).
     1>InitializeBuildStatus:
         Creating "Debug\A1.unsuccessfulbuild" because "AlwaysCreate" was specified.
       ClCompile:
         c:\Program Files (x86)\Microsoft Visual Studio 10.0\VC\bin\CL.exe /c /ZI /nologo /W3 /WX- /Od /Oy- /D WIN32 /D _DEBUG /D _CONSOLE /D _UNICODE /D UNICODE /Gm /EHsc /RTC1 /MDd /GS /fp:precise /Zc:wchar_t /Zc:forScope /Fo"Debug\\" /Fd"Debug\vc100.pdb" /Gd /TP /analyze- /errorReport:prompt "DTM-driver.cpp"
         DTM-driver.cpp
     1>c:\users\zengrz\documents\visual studio 2010\projects\a1\a1\dtm-driver.cpp(113): warning C4244: '=' : conversion from 'short' to 'char', possible loss of data
     1>c:\users\zengrz\documents\visual studio 2010\projects\a1\a1\dtm-driver.cpp(115): warning C4244: '=' : conversion from 'short' to 'char', possible loss of data
     1>c:\users\zengrz\documents\visual studio 2010\projects\a1\a1\dtm-driver.cpp(117): warning C4244: '=' : conversion from 'short' to 'char', possible loss of data
     1>c:\users\zengrz\documents\visual studio 2010\projects\a1\a1\dtm-driver.cpp(184): warning C4244: '=' : conversion from 'double' to 'float', possible loss of data
     1>c:\users\zengrz\documents\visual studio 2010\projects\a1\a1\dtm-driver.cpp(185): warning C4244: '=' : conversion from 'double' to 'float', possible loss of data
     1>c:\users\zengrz\documents\visual studio 2010\projects\a1\a1\dtm-driver.cpp(219): warning C4244: 'initializing' : conversion from 'double' to 'float', possible loss of data
     1>c:\users\zengrz\documents\visual studio 2010\projects\a1\a1\dtm-driver.cpp(220): warning C4244: 'initializing' : conversion from 'double' to 'float', possible loss of data
     1>c:\users\zengrz\documents\visual studio 2010\projects\a1\a1\dtm-driver.cpp(221): warning C4244: 'initializing' : conversion from 'double' to 'float', possible loss of data
     1>c:\users\zengrz\documents\visual studio 2010\projects\a1\a1\dtm-driver.cpp(222): warning C4244: 'initializing' : conversion from 'double' to 'float', possible loss of data
     1>c:\users\zengrz\documents\visual studio 2010\projects\a1\a1\dtm-driver.cpp(223): warning C4305: 'initializing' : truncation from 'double' to 'float'
     1>c:\users\zengrz\documents\visual studio 2010\projects\a1\a1\dtm-driver.cpp(235): warning C4244: 'initializing' : conversion from 'double' to 'float', possible loss of data
     1>c:\users\zengrz\documents\visual studio 2010\projects\a1\a1\dtm-driver.cpp(236): warning C4244: 'initializing' : conversion from 'double' to 'float', possible loss of data
     1>c:\users\zengrz\documents\visual studio 2010\projects\a1\a1\dtm-driver.cpp(237): warning C4244: 'initializing' : conversion from 'const double' to 'float', possible loss of data
     1>c:\users\zengrz\documents\visual studio 2010\projects\a1\a1\dtm-driver.cpp(238): warning C4244: 'initializing' : conversion from 'const double' to 'float', possible loss of data
     1>c:\users\zengrz\documents\visual studio 2010\projects\a1\a1\dtm-driver.cpp(239): warning C4244: 'initializing' : conversion from 'const double' to 'float', possible loss of data
     1>c:\users\zengrz\documents\visual studio 2010\projects\a1\a1\dtm-driver.cpp(240): warning C4244: 'initializing' : conversion from 'const double' to 'float', possible loss of data
     1>c:\users\zengrz\documents\visual studio 2010\projects\a1\a1\dtm-driver.cpp(241): warning C4244: 'initializing' : conversion from 'const double' to 'float', possible loss of data
     1>c:\users\zengrz\documents\visual studio 2010\projects\a1\a1\dtm-driver.cpp(244): warning C4244: 'initializing' : conversion from 'double' to 'float', possible loss of data
     1>c:\users\zengrz\documents\visual studio 2010\projects\a1\a1\dtm-driver.cpp(247): warning C4244: 'initializing' : conversion from 'double' to 'float', possible loss of data
     1>c:\users\zengrz\documents\visual studio 2010\projects\a1\a1\dtm-driver.cpp(253): warning C4244: '=' : conversion from 'double' to 'float', possible loss of data
     1>c:\users\zengrz\documents\visual studio 2010\projects\a1\a1\dtm-driver.cpp(254): warning C4244: '=' : conversion from 'double' to 'float', possible loss of data
     1>c:\users\zengrz\documents\visual studio 2010\projects\a1\a1\dtm-driver.cpp(257): warning C4244: '=' : conversion from 'double' to 'float', possible loss of data
     1>c:\users\zengrz\documents\visual studio 2010\projects\a1\a1\dtm-driver.cpp(258): warning C4244: '=' : conversion from 'double' to 'float', possible loss of data
     1>c:\users\zengrz\documents\visual studio 2010\projects\a1\a1\dtm-driver.cpp(261): warning C4244: '=' : conversion from 'double' to 'float', possible loss of data
     1>c:\users\zengrz\documents\visual studio 2010\projects\a1\a1\dtm-driver.cpp(262): warning C4244: '=' : conversion from 'double' to 'float', possible loss of data
     1>c:\users\zengrz\documents\visual studio 2010\projects\a1\a1\dtm-driver.cpp(265): warning C4244: '=' : conversion from 'double' to 'float', possible loss of data
     1>c:\users\zengrz\documents\visual studio 2010\projects\a1\a1\dtm-driver.cpp(266): warning C4244: '=' : conversion from 'double' to 'float', possible loss of data
     1>c:\users\zengrz\documents\visual studio 2010\projects\a1\a1\dtm-driver.cpp(269): warning C4244: '=' : conversion from 'double' to 'float', possible loss of data
     1>c:\users\zengrz\documents\visual studio 2010\projects\a1\a1\dtm-driver.cpp(270): warning C4244: '=' : conversion from 'double' to 'float', possible loss of data
     1>c:\users\zengrz\documents\visual studio 2010\projects\a1\a1\dtm-driver.cpp(105): warning C4700: uninitialized local variable 'rm' used
       ManifestResourceCompile:
         All outputs are up-to-date.
       Link:
         c:\Program Files (x86)\Microsoft Visual Studio 10.0\VC\bin\link.exe /ERRORREPORT:PROMPT /OUT:"C:\Users\zengrz\Documents\Visual Studio 2010\Projects\A1\Debug\A1.exe" /INCREMENTAL /NOLOGO kernel32.lib user32.lib gdi32.lib winspool.lib comdlg32.lib advapi32.lib shell32.lib ole32.lib oleaut32.lib uuid.lib odbc32.lib odbccp32.lib /MANIFEST /ManifestFile:"Debug\A1.exe.intermediate.manifest" /MANIFESTUAC:"level='asInvoker' uiAccess='false'" /DEBUG /PDB:"C:\Users\zengrz\Documents\Visual Studio 2010\Projects\A1\Debug\A1.pdb" /SUBSYSTEM:CONSOLE /TLBID:1 /DYNAMICBASE /NXCOMPAT /IMPLIB:"C:\Users\zengrz\Documents\Visual Studio 2010\Projects\A1\Debug\A1.lib" /MACHINE:X86 Debug\A1.exe.embed.manifest.res
         Debug\BMP.obj
         "Debug\DTM-driver.obj"
         Debug\DTM.obj
       Manifest:
         C:\Program Files (x86)\Microsoft SDKs\Windows\v7.0A\bin\mt.exe /nologo /verbose /out:"Debug\A1.exe.embed.manifest" /manifest Debug\A1.exe.intermediate.manifest
         All outputs are up-to-date.
       LinkEmbedManifest:
         All outputs are up-to-date.
         A1.vcxproj -> C:\Users\zengrz\Documents\Visual Studio 2010\Projects\A1\Debug\A1.exe
       FinalizeBuildStatus:
         Deleting file "Debug\A1.unsuccessfulbuild".
         Touching "Debug\A1.lastbuildstate".
     1>Done Building Project "C:\Users\zengrz\Documents\Visual Studio 2010\Projects\A1\A1\A1.vcxproj" (build target(s)).

Build succeeded.

Time Elapsed 00:00:04.53
